\BOOKMARK [1][-]{section.1}{\376\377\000A\000c\000r\000o\000n\000y\000m\000s}{}% 1
\BOOKMARK [1][-]{section.2}{\376\377\000N\000e\000u\000r\000a\000l\000\040\000B\000a\000s\000i\000s}{}% 2
\BOOKMARK [2][-]{subsection.2.1}{\376\377\000C\000o\000c\000h\000l\000e\000a\000\040\000a\000n\000d\000\040\000S\000p\000i\000r\000a\000l\000\040\000G\000a\000n\000g\000l\000i\000o\000n\000\040\000C\000e\000l\000l\000s}{section.2}% 3
\BOOKMARK [2][-]{subsection.2.2}{\376\377\000P\000a\000t\000h\000w\000a\000y\000\040\000t\000o\000\040\000t\000h\000e\000\040\000B\000r\000a\000i\000n\000s\000t\000e\000m}{section.2}% 4
\BOOKMARK [2][-]{subsection.2.3}{\376\377\000B\000r\000a\000i\000n\000s\000t\000e\000m\000\040\000P\000r\000o\000c\000e\000s\000s\000i\000n\000g}{section.2}% 5
\BOOKMARK [2][-]{subsection.2.4}{\376\377\000S\000e\000c\000o\000n\000d\000a\000r\000y\000\040\000P\000a\000t\000h\000w\000a\000y\000\040\000a\000n\000d\000\040\000R\000e\000f\000l\000e\000x\000e\000s}{section.2}% 6
\BOOKMARK [2][-]{subsection.2.5}{\376\377\000A\000d\000v\000a\000n\000c\000e\000d\000\040\000P\000r\000o\000c\000e\000s\000s\000i\000n\000g\000\040\000i\000n\000\040\000t\000h\000e\000\040\000M\000i\000d\000b\000r\000a\000i\000n}{section.2}% 7
\BOOKMARK [2][-]{subsection.2.6}{\376\377\000T\000h\000a\000l\000a\000m\000i\000c\000\040\000R\000e\000l\000a\000y}{section.2}% 8
\BOOKMARK [2][-]{subsection.2.7}{\376\377\000A\000u\000d\000i\000t\000o\000r\000y\000\040\000C\000o\000r\000t\000e\000x\000\040\000a\000n\000d\000\040\000T\000o\000p\000-\000D\000o\000w\000n\000\040\000M\000o\000d\000u\000l\000a\000t\000i\000o\000n}{section.2}% 9
\BOOKMARK [3][-]{subsubsection.2.7.1}{\376\377\000K\000e\000y\000\040\000P\000o\000i\000n\000t\000s}{subsection.2.7}% 10
\BOOKMARK [2][-]{subsection.2.8}{\376\377\000I\000n\000t\000e\000r\000a\000u\000r\000a\000l\000\040\000t\000i\000m\000e\000\040\000d\000i\000f\000f\000e\000r\000e\000n\000c\000e\000s}{section.2}% 11
\BOOKMARK [1][-]{section.3}{\376\377\000O\000h\000m\040\031\000s\000\040\000A\000c\000o\000u\000s\000t\000i\000c\000\040\000L\000a\000w}{}% 12
\BOOKMARK [2][-]{subsection.3.1}{\376\377\000K\000e\000y\000\040\000A\000s\000p\000e\000c\000t\000s\000\040\000o\000f\000\040\000O\000h\000m\000'\000s\000\040\000A\000c\000o\000u\000s\000t\000i\000c\000\040\000L\000a\000w}{section.3}% 13
\BOOKMARK [3][-]{subsubsection.3.1.1}{\376\377\000F\000r\000e\000q\000u\000e\000n\000c\000y\000\040\000R\000e\000s\000o\000l\000u\000t\000i\000o\000n\000:}{subsection.3.1}% 14
\BOOKMARK [3][-]{subsubsection.3.1.2}{\376\377\000H\000a\000r\000m\000o\000n\000i\000c\000\040\000A\000n\000a\000l\000y\000s\000i\000s\000:}{subsection.3.1}% 15
\BOOKMARK [3][-]{subsubsection.3.1.3}{\376\377\000S\000p\000e\000c\000t\000r\000a\000l\000\040\000C\000o\000m\000p\000o\000n\000e\000n\000t\000s\000:}{subsection.3.1}% 16
\BOOKMARK [1][-]{section.4}{\376\377\000S\000e\000e\000b\000e\000c\000k\000'\000s\000\040\000P\000e\000r\000i\000o\000d\000i\000c\000i\000t\000y\000\040\000T\000h\000e\000o\000r\000y}{}% 17
\BOOKMARK [1][-]{section.5}{\376\377\000M\000i\000s\000s\000i\000n\000g\000\040\000f\000u\000n\000d\000a\000m\000e\000n\000t\000a\000l}{}% 18
\BOOKMARK [2][-]{subsection.5.1}{\376\377\000M\000i\000s\000s\000i\000n\000g\000\040\000F\000u\000n\000d\000a\000m\000e\000n\000t\000a\000l}{section.5}% 19
\BOOKMARK [1][-]{section.6}{\376\377\000A\000u\000d\000i\000t\000o\000r\000y\000\040\000S\000t\000e\000a\000d\000y\000-\000S\000t\000a\000t\000e\000,\000\040\000F\000r\000e\000q\000u\000e\000n\000c\000y\000-\000F\000o\000l\000l\000o\000w\000i\000n\000g\000\040\000R\000e\000s\000p\000o\000n\000s\000e\000s}{}% 20
\BOOKMARK [2][-]{subsection.6.1}{\376\377\000A\000u\000d\000i\000t\000o\000r\000y\000\040\000S\000t\000e\000a\000d\000y\000-\000S\000t\000a\000t\000e\000\040\000R\000e\000s\000p\000o\000n\000s\000e\000s\000\040\000\050\000A\000S\000S\000R\000\051}{section.6}% 21
\BOOKMARK [2][-]{subsection.6.2}{\376\377\000F\000r\000e\000q\000u\000e\000n\000c\000y\000-\000F\000o\000l\000l\000o\000w\000i\000n\000g\000\040\000R\000e\000s\000p\000o\000n\000s\000e\000s\000\040\000\050\000F\000F\000R\000\051}{section.6}% 22
\BOOKMARK [3][-]{subsubsection.6.2.1}{\376\377\000K\000e\000y\000\040\000P\000o\000i\000n\000t\000s\000\040\000f\000r\000o\000m\000\040\000t\000h\000e\000\040\000P\000a\000p\000e\000r\000\040\000O\000r\000o\000z\000c\000o\000\040\000P\000e\000r\000e\000z\000\040\000e\000t\000\040\000a\000l\000.\000\040\000\050\0002\0000\0002\0000\000\051}{subsection.6.2}% 23
\BOOKMARK [1][-]{section.7}{\376\377\000G\000e\000n\000e\000r\000a\000t\000i\000n\000g\000\040\000B\000r\000a\000i\000n\000\040\000W\000a\000v\000e\000s}{}% 24
\BOOKMARK [2][-]{subsection.7.1}{\376\377\000K\000e\000y\000\040\000F\000u\000n\000c\000t\000i\000o\000n\000s\000\040\000o\000f\000\040\000A\000s\000t\000r\000o\000c\000y\000t\000e\000s}{section.7}% 25
\BOOKMARK [1][-]{section.8}{\376\377\000B\000i\000n\000a\000u\000r\000a\000l\000\040\000A\000u\000d\000i\000t\000o\000r\000y\000\040\000S\000t\000i\000m\000u\000l\000i}{}% 26
\BOOKMARK [1][-]{section.9}{\376\377\000P\000h\000a\000s\000e\000\040\000O\000s\000c\000i\000l\000l\000a\000t\000o\000r\000\040\000M\000o\000d\000e\000l\000s}{}% 27
\BOOKMARK [2][-]{subsection.9.1}{\376\377\000S\000y\000n\000c\000h\000r\000o\000n\000i\000z\000a\000t\000i\000o\000n}{section.9}% 28
\BOOKMARK [1][-]{section.10}{\376\377\000R\000h\000y\000t\000h\000m\000i\000c\000\040\000E\000n\000t\000r\000a\000i\000n\000m\000e\000n\000t\000\040\000i\000n\000\040\000M\000u\000s\000i\000c}{}% 29
\BOOKMARK [2][-]{subsection.10.1}{\376\377\000R\000e\000p\000e\000t\000i\000t\000i\000v\000e\000\040\000R\000h\000y\000t\000h\000m\000i\000c\000\040\000M\000u\000s\000i\000c\000,\000\040\000E\000E\000G\000,\000\040\000a\000n\000d\000\040\000S\000u\000b\000j\000e\000c\000t\000i\000v\000e\000\040\000E\000x\000p\000e\000r\000i\000e\000n\000c\000e}{section.10}% 30
\BOOKMARK [1][-]{section.11}{\376\377\000A\000r\000t\000i\000f\000i\000c\000i\000a\000l\000\040\000N\000e\000u\000r\000a\000l\000\040\000N\000e\000t\000w\000o\000r\000k\000s}{}% 31
\BOOKMARK [2][-]{subsection.11.1}{\376\377\000K\000o\000l\000m\000o\000g\000o\000r\000o\000v\000-\000A\000r\000n\000o\000l\000d\000\040\000N\000e\000t\000w\000o\000r\000k\000s\000\040\000\050\000K\000A\000N\000\051}{section.11}% 32
\BOOKMARK [3][-]{subsubsection.11.1.1}{\376\377\000K\000e\000y\000\040\000D\000i\000f\000f\000e\000r\000e\000n\000c\000e\000s\000\040\000f\000r\000o\000m\000\040\000M\000u\000l\000t\000i\000-\000L\000a\000y\000e\000r\000\040\000P\000e\000r\000c\000e\000p\000t\000r\000o\000n\000s\000\040\000\050\000M\000L\000P\000s\000\051}{subsection.11.1}% 33
\BOOKMARK [3][-]{subsubsection.11.1.2}{\376\377\000A\000d\000v\000a\000n\000t\000a\000g\000e\000s\000\040\000o\000f\000\040\000K\000A\000N\000s}{subsection.11.1}% 34
\BOOKMARK [3][-]{subsubsection.11.1.3}{\376\377\000T\000r\000a\000i\000n\000i\000n\000g\000\040\000a\000n\000d\000\040\000S\000i\000m\000p\000l\000i\000f\000i\000c\000a\000t\000i\000o\000n}{subsection.11.1}% 35
\BOOKMARK [1][-]{section.12}{\376\377\000G\000e\000m\000i\000n\000i\000\040\000D\000i\000x\000i\000t}{}% 36
\BOOKMARK [2][-]{subsection.12.1}{\376\377\000T\000o\000p\000o\000l\000o\000g\000y}{section.12}% 37
\BOOKMARK [2][-]{subsection.12.2}{\376\377\000T\000r\000a\000n\000s\000d\000u\000c\000t\000i\000o\000n}{section.12}% 38
\BOOKMARK [2][-]{subsection.12.3}{\376\377\000A\000d\000d\000i\000t\000i\000o\000n\000a\000l\000\040\000C\000o\000n\000s\000i\000d\000e\000r\000a\000t\000i\000o\000n\000s}{section.12}% 39
\BOOKMARK [2][-]{subsection.12.4}{\376\377\000C\000h\000a\000l\000l\000e\000n\000g\000e\000s}{section.12}% 40
\BOOKMARK [1][-]{section.13}{\376\377\000K\000u\000r\000a\000m\000o\000t\000o\000\040\000M\000o\000d\000e\000l}{}% 41
\BOOKMARK [2][-]{subsection.13.1}{\376\377\000M\000a\000t\000h\000e\000m\000a\000t\000i\000c\000a\000l\000\040\000F\000o\000r\000m\000u\000l\000a\000t\000i\000o\000n}{section.13}% 42
\BOOKMARK [2][-]{subsection.13.2}{\376\377\000S\000y\000n\000c\000h\000r\000o\000n\000i\000z\000a\000t\000i\000o\000n}{section.13}% 43
\BOOKMARK [1][-]{section.14}{\376\377\000B\000i\000b\000l\000i\000o\000g\000r\000a\000p\000h\000y}{}% 44
